Info: Starting: Create block symbol file (.bsf)
Info: qsys-generate C:\Users\egk69\Documents\Development\EDAC_SDRAM_Controller\Altera\EDAC_SDRAM_Controller_Demo.qsys --block-symbol-file --output-directory=C:\Users\egk69\Documents\Development\EDAC_SDRAM_Controller\Altera\EDAC_SDRAM_Controller_Demo --family="Cyclone IV E" --part=EP4CE115F29C7
Progress: Loading Altera/EDAC_SDRAM_Controller_Demo.qsys
Progress: Reading input file
Progress: Adding clk_0 [clock_source 16.1]
Progress: Parameterizing module clk_0
Progress: Adding edac_sdram_controller_0 [edac_sdram_controller 1.0]
Progress: Parameterizing module edac_sdram_controller_0
Progress: Adding nios2_gen2_0 [altera_nios2_gen2 16.1]
Progress: Parameterizing module nios2_gen2_0
Progress: Adding onchip_memory2_0 [altera_avalon_onchip_memory2 16.1]
Progress: Parameterizing module onchip_memory2_0
Progress: Adding sevensegment_avalon_master_interface_0 [sevensegment_avalon_master_interface 1.0]
Progress: Parameterizing module sevensegment_avalon_master_interface_0
Progress: Building connections
Progress: Parameterizing connections
Progress: Validating
Progress: Done reading input file
Info: qsys-generate succeeded.
Info: Finished: Create block symbol file (.bsf)
Info: 
Info: Starting: Create HDL design files for synthesis
Info: qsys-generate C:\Users\egk69\Documents\Development\EDAC_SDRAM_Controller\Altera\EDAC_SDRAM_Controller_Demo.qsys --synthesis=VHDL --output-directory=C:\Users\egk69\Documents\Development\EDAC_SDRAM_Controller\Altera\EDAC_SDRAM_Controller_Demo\synthesis --family="Cyclone IV E" --part=EP4CE115F29C7
Progress: Loading Altera/EDAC_SDRAM_Controller_Demo.qsys
Progress: Reading input file
Progress: Adding clk_0 [clock_source 16.1]
Progress: Parameterizing module clk_0
Progress: Adding edac_sdram_controller_0 [edac_sdram_controller 1.0]
Progress: Parameterizing module edac_sdram_controller_0
Progress: Adding nios2_gen2_0 [altera_nios2_gen2 16.1]
Progress: Parameterizing module nios2_gen2_0
Progress: Adding onchip_memory2_0 [altera_avalon_onchip_memory2 16.1]
Progress: Parameterizing module onchip_memory2_0
Progress: Adding sevensegment_avalon_master_interface_0 [sevensegment_avalon_master_interface 1.0]
Progress: Parameterizing module sevensegment_avalon_master_interface_0
Progress: Building connections
Progress: Parameterizing connections
Progress: Validating
Progress: Done reading input file
Info: EDAC_SDRAM_Controller_Demo: Generating EDAC_SDRAM_Controller_Demo "EDAC_SDRAM_Controller_Demo" for QUARTUS_SYNTH
Info: edac_sdram_controller_0: "EDAC_SDRAM_Controller_Demo" instantiated edac_sdram_controller "edac_sdram_controller_0"
Info: nios2_gen2_0: "EDAC_SDRAM_Controller_Demo" instantiated altera_nios2_gen2 "nios2_gen2_0"
Info: onchip_memory2_0: Starting RTL generation for module 'EDAC_SDRAM_Controller_Demo_onchip_memory2_0'
Info: onchip_memory2_0:   Generation command is [exec C:/intelfpga_lite/16.1/quartus/bin64/perl/bin/perl.exe -I C:/intelfpga_lite/16.1/quartus/bin64/perl/lib -I C:/intelfpga_lite/16.1/quartus/sopc_builder/bin/europa -I C:/intelfpga_lite/16.1/quartus/sopc_builder/bin/perl_lib -I C:/intelfpga_lite/16.1/quartus/sopc_builder/bin -I C:/intelfpga_lite/16.1/quartus/../ip/altera/sopc_builder_ip/common -I C:/intelfpga_lite/16.1/quartus/../ip/altera/sopc_builder_ip/altera_avalon_onchip_memory2 -- C:/intelfpga_lite/16.1/quartus/../ip/altera/sopc_builder_ip/altera_avalon_onchip_memory2/generate_rtl.pl --name=EDAC_SDRAM_Controller_Demo_onchip_memory2_0 --dir=C:/Users/egk69/AppData/Local/Temp/alt7374_6592518687014982320.dir/0002_onchip_memory2_0_gen/ --quartus_dir=C:/intelfpga_lite/16.1/quartus --verilog --config=C:/Users/egk69/AppData/Local/Temp/alt7374_6592518687014982320.dir/0002_onchip_memory2_0_gen//EDAC_SDRAM_Controller_Demo_onchip_memory2_0_component_configuration.pl  --do_build_sim=0  ]
Info: onchip_memory2_0: Done RTL generation for module 'EDAC_SDRAM_Controller_Demo_onchip_memory2_0'
Info: onchip_memory2_0: "EDAC_SDRAM_Controller_Demo" instantiated altera_avalon_onchip_memory2 "onchip_memory2_0"
Info: sevensegment_avalon_master_interface_0: "EDAC_SDRAM_Controller_Demo" instantiated sevensegment_avalon_master_interface "sevensegment_avalon_master_interface_0"
Info: avalon_st_adapter: Inserting error_adapter: error_adapter_0
Info: avalon_st_adapter_001: Inserting error_adapter: error_adapter_0
Info: avalon_st_adapter_002: Inserting error_adapter: error_adapter_0
Info: avalon_st_adapter_003: Inserting error_adapter: error_adapter_0
Info: mm_interconnect_1: "EDAC_SDRAM_Controller_Demo" instantiated altera_mm_interconnect "mm_interconnect_1"
Info: irq_mapper: "EDAC_SDRAM_Controller_Demo" instantiated altera_irq_mapper "irq_mapper"
Info: rst_controller: "EDAC_SDRAM_Controller_Demo" instantiated altera_reset_controller "rst_controller"
Info: cpu: Starting RTL generation for module 'EDAC_SDRAM_Controller_Demo_nios2_gen2_0_cpu'
Info: cpu:   Generation command is [exec C:/intelFPGA_lite/16.1/quartus/bin64//eperlcmd.exe -I C:/intelFPGA_lite/16.1/quartus/bin64//perl/lib -I C:/intelfpga_lite/16.1/quartus/sopc_builder/bin/europa -I C:/intelfpga_lite/16.1/quartus/sopc_builder/bin/perl_lib -I C:/intelfpga_lite/16.1/quartus/sopc_builder/bin -I C:/intelfpga_lite/16.1/quartus/../ip/altera/nios2_ip/altera_nios2_gen2/cpu_lib -I C:/intelfpga_lite/16.1/quartus/../ip/altera/nios2_ip/altera_nios2_gen2/nios_lib -I C:/intelfpga_lite/16.1/quartus/../ip/altera/nios2_ip/altera_nios2_gen2 -I C:/intelfpga_lite/16.1/quartus/../ip/altera/nios2_ip/altera_nios2_gen2 -- C:/intelfpga_lite/16.1/quartus/../ip/altera/nios2_ip/altera_nios2_gen2/generate_rtl.epl --name=EDAC_SDRAM_Controller_Demo_nios2_gen2_0_cpu --dir=C:/Users/egk69/AppData/Local/Temp/alt7374_6592518687014982320.dir/0006_cpu_gen/ --quartus_bindir=C:/intelFPGA_lite/16.1/quartus/bin64/ --verilog --config=C:/Users/egk69/AppData/Local/Temp/alt7374_6592518687014982320.dir/0006_cpu_gen//EDAC_SDRAM_Controller_Demo_nios2_gen2_0_cpu_processor_configuration.pl  --do_build_sim=0  ]
Info: cpu: # 2017.07.27 20:39:12 (*) Starting Nios II generation
Info: cpu: # 2017.07.27 20:39:12 (*)   Checking for plaintext license.
Info: cpu: # 2017.07.27 20:39:18 (*)   Plaintext license not found.
Info: cpu: # 2017.07.27 20:39:18 (*)   No license required to generate encrypted Nios II/e.
Info: cpu: # 2017.07.27 20:39:18 (*)   Elaborating CPU configuration settings
Info: cpu: # 2017.07.27 20:39:18 (*)   Creating all objects for CPU
Info: cpu: # 2017.07.27 20:39:19 (*)   Generating RTL from CPU objects
Info: cpu: # 2017.07.27 20:39:19 (*)   Creating plain-text RTL
Info: cpu: # 2017.07.27 20:39:20 (*) Done Nios II generation
Info: cpu: Done RTL generation for module 'EDAC_SDRAM_Controller_Demo_nios2_gen2_0_cpu'
Info: cpu: "nios2_gen2_0" instantiated altera_nios2_gen2_unit "cpu"
Info: nios2_gen2_0_data_master_translator: "mm_interconnect_1" instantiated altera_merlin_master_translator "nios2_gen2_0_data_master_translator"
Info: nios2_gen2_0_debug_mem_slave_translator: "mm_interconnect_1" instantiated altera_merlin_slave_translator "nios2_gen2_0_debug_mem_slave_translator"
Info: nios2_gen2_0_data_master_agent: "mm_interconnect_1" instantiated altera_merlin_master_agent "nios2_gen2_0_data_master_agent"
Info: nios2_gen2_0_debug_mem_slave_agent: "mm_interconnect_1" instantiated altera_merlin_slave_agent "nios2_gen2_0_debug_mem_slave_agent"
Info: nios2_gen2_0_debug_mem_slave_agent_rsp_fifo: "mm_interconnect_1" instantiated altera_avalon_sc_fifo "nios2_gen2_0_debug_mem_slave_agent_rsp_fifo"
Info: router: "mm_interconnect_1" instantiated altera_merlin_router "router"
Info: router_001: "mm_interconnect_1" instantiated altera_merlin_router "router_001"
Info: router_002: "mm_interconnect_1" instantiated altera_merlin_router "router_002"
Info: router_003: "mm_interconnect_1" instantiated altera_merlin_router "router_003"
Info: router_005: "mm_interconnect_1" instantiated altera_merlin_router "router_005"
Info: cmd_demux: "mm_interconnect_1" instantiated altera_merlin_demultiplexer "cmd_demux"
Info: cmd_demux_001: "mm_interconnect_1" instantiated altera_merlin_demultiplexer "cmd_demux_001"
Info: cmd_mux: "mm_interconnect_1" instantiated altera_merlin_multiplexer "cmd_mux"
Info: cmd_mux_001: "mm_interconnect_1" instantiated altera_merlin_multiplexer "cmd_mux_001"
Info: Reusing file C:/Users/egk69/Documents/Development/EDAC_SDRAM_Controller/Altera/EDAC_SDRAM_Controller_Demo/synthesis/submodules/altera_merlin_arbitrator.sv
Info: rsp_demux_001: "mm_interconnect_1" instantiated altera_merlin_demultiplexer "rsp_demux_001"
Info: rsp_mux: "mm_interconnect_1" instantiated altera_merlin_multiplexer "rsp_mux"
Info: Reusing file C:/Users/egk69/Documents/Development/EDAC_SDRAM_Controller/Altera/EDAC_SDRAM_Controller_Demo/synthesis/submodules/altera_merlin_arbitrator.sv
Info: rsp_mux_001: "mm_interconnect_1" instantiated altera_merlin_multiplexer "rsp_mux_001"
Info: Reusing file C:/Users/egk69/Documents/Development/EDAC_SDRAM_Controller/Altera/EDAC_SDRAM_Controller_Demo/synthesis/submodules/altera_merlin_arbitrator.sv
Info: avalon_st_adapter: "mm_interconnect_1" instantiated altera_avalon_st_adapter "avalon_st_adapter"
Info: error_adapter_0: "avalon_st_adapter" instantiated error_adapter "error_adapter_0"
Info: EDAC_SDRAM_Controller_Demo: Done "EDAC_SDRAM_Controller_Demo" with 28 modules, 54 files
Info: qsys-generate succeeded.
Info: Finished: Create HDL design files for synthesis
