Assembler report for EDAC_SDRAM_Controller_Demo
Thu Jul 27 23:16:01 2017
Quartus Prime Version 16.1.0 Build 196 10/24/2016 SJ Lite Edition


---------------------
; Table of Contents ;
---------------------
  1. Legal Notice
  2. Assembler Summary
  3. Assembler Settings
  4. Assembler Encrypted IP Cores Summary
  5. Assembler Generated Files
  6. Assembler Device Options: C:/Users/egk69/Documents/Development/EDAC_SDRAM_Controller/Altera/output_files/EDAC_SDRAM_Controller_Demo.sof
  7. Assembler Messages



----------------
; Legal Notice ;
----------------
Copyright (C) 2016  Intel Corporation. All rights reserved.
Your use of Intel Corporation's design tools, logic functions 
and other software and tools, and its AMPP partner logic 
functions, and any output files from any of the foregoing 
(including device programming or simulation files), and any 
associated documentation or information are expressly subject 
to the terms and conditions of the Intel Program License 
Subscription Agreement, the Intel Quartus Prime License Agreement,
the Intel MegaCore Function License Agreement, or other 
applicable license agreement, including, without limitation, 
that your use is for the sole purpose of programming logic 
devices manufactured by Intel and sold by Intel or its 
authorized distributors.  Please refer to the applicable 
agreement for further details.



+---------------------------------------------------------------+
; Assembler Summary                                             ;
+-----------------------+---------------------------------------+
; Assembler Status      ; Successful - Thu Jul 27 23:16:01 2017 ;
; Revision Name         ; EDAC_SDRAM_Controller_Demo            ;
; Top-level Entity Name ; EDAC_SDRAM_Controller_Demo_Top        ;
; Family                ; Cyclone IV E                          ;
; Device                ; EP4CE115F29C7                         ;
+-----------------------+---------------------------------------+


+----------------------------------+
; Assembler Settings               ;
+--------+---------+---------------+
; Option ; Setting ; Default Value ;
+--------+---------+---------------+


+------------------------------------------------+
; Assembler Encrypted IP Cores Summary           ;
+--------+------------------------+--------------+
; Vendor ; IP Core Name           ; License Type ;
+--------+------------------------+--------------+
; Altera ; Signal Tap (6AF7 BCE1) ; Licensed     ;
; Altera ; Signal Tap (6AF7 BCEC) ; Licensed     ;
+--------+------------------------+--------------+


+---------------------------------------------------------------------------------------------------------------+
; Assembler Generated Files                                                                                     ;
+---------------------------------------------------------------------------------------------------------------+
; File Name                                                                                                     ;
+---------------------------------------------------------------------------------------------------------------+
; C:/Users/egk69/Documents/Development/EDAC_SDRAM_Controller/Altera/output_files/EDAC_SDRAM_Controller_Demo.sof ;
+---------------------------------------------------------------------------------------------------------------+


+-----------------------------------------------------------------------------------------------------------------------------------------+
; Assembler Device Options: C:/Users/egk69/Documents/Development/EDAC_SDRAM_Controller/Altera/output_files/EDAC_SDRAM_Controller_Demo.sof ;
+----------------+------------------------------------------------------------------------------------------------------------------------+
; Option         ; Setting                                                                                                                ;
+----------------+------------------------------------------------------------------------------------------------------------------------+
; Device         ; EP4CE115F29C7                                                                                                          ;
; JTAG usercode  ; 0x007401F0                                                                                                             ;
; Checksum       ; 0x007401F0                                                                                                             ;
+----------------+------------------------------------------------------------------------------------------------------------------------+


+--------------------+
; Assembler Messages ;
+--------------------+
Info: *******************************************************************
Info: Running Quartus Prime Assembler
    Info: Version 16.1.0 Build 196 10/24/2016 SJ Lite Edition
    Info: Processing started: Thu Jul 27 23:15:46 2017
Info: Command: quartus_asm --read_settings_files=off --write_settings_files=off EDAC_SDRAM_Controller -c EDAC_SDRAM_Controller_Demo
Warning (18236): Number of processors has not been specified which may cause overloading on shared machines.  Set the global assignment NUM_PARALLEL_PROCESSORS in your QSF to an appropriate value for best performance.
Info (115031): Writing out detailed assembly data for power analysis
Info (115030): Assembler is generating device programming files
Info: Quartus Prime Assembler was successful. 0 errors, 2 warnings
    Info: Peak virtual memory: 593 megabytes
    Info: Processing ended: Thu Jul 27 23:16:01 2017
    Info: Elapsed time: 00:00:15
    Info: Total CPU time (on all processors): 00:00:10


